Using pre-set license
Built from '2020.3/staging' branch; Version is '2020.3.9f1 (108be757e447) revision 1084391'; Using compiler version '192528614'; Build Type 'Release'
OS: 'Windows 10 Pro; OS build 19044.1706; Version 2009; 64bit' Language: 'en' Physical Memory: 7104 MB
BatchMode: 1, IsHumanControllingUs: 0, StartBugReporterOnCrash: 0, Is64bit: 1, IsPro: 0

 COMMAND LINE ARGUMENTS:
D:\- Installation\Editor\Unity.exe
-adb2
-batchMode
-noUpm
-name
AssetImportWorker3
-projectPath
C:/Users/user/Desktop/Tanks
-logFile
Logs/AssetImportWorker3.log
-srvPort
61293
Successfully changed project path to: C:/Users/user/Desktop/Tanks
C:/Users/user/Desktop/Tanks
Using Asset Import Pipeline V2.
Refreshing native plugins compatible for Editor in 225.97 ms, found 2 plugins.
Preloading 0 native plugins for Editor in 0.00 ms.
Initialize engine version: 2020.3.9f1 (108be757e447)
[Subsystems] Discovering subsystems at path D:/- Installation/Editor/Data/Resources/UnitySubsystems
[Subsystems] Discovering subsystems at path C:/Users/user/Desktop/Tanks/Assets
GfxDevice: creating device client; threaded=0
Direct3D:
    Version:  Direct3D 11.0 [level 11.1]
    Renderer: AMD Radeon(TM) R7 Graphics (ID=0x130f)
    Vendor:   
    VRAM:     3552 MB
    Driver:   27.20.12029.1000
Initialize mono
Mono path[0] = 'D:/- Installation/Editor/Data/Managed'
Mono path[1] = 'D:/- Installation/Editor/Data/MonoBleedingEdge/lib/mono/unityjit'
Mono config path = 'D:/- Installation/Editor/Data/MonoBleedingEdge/etc'
Using monoOptions --debugger-agent=transport=dt_socket,embedding=1,server=y,suspend=n,address=127.0.0.1:56352
Begin MonoManager ReloadAssembly
Registering precompiled unity dll's ...
Register platform support module: D:/- Installation/Editor/Data/PlaybackEngines/WindowsStandaloneSupport/UnityEditor.WindowsStandalone.Extensions.dll
Registered in 0.002204 seconds.
Native extension for WindowsStandalone target not found
Refreshing native plugins compatible for Editor in 124.18 ms, found 2 plugins.
Preloading 0 native plugins for Editor in 0.00 ms.
Mono: successfully reloaded assembly
- Completed reload, in  3.586 seconds
Platform modules already initialized, skipping
Registering precompiled user dll's ...
Registered in 0.320699 seconds.
Begin MonoManager ReloadAssembly
Native extension for WindowsStandalone target not found
Refreshing native plugins compatible for Editor in 1.43 ms, found 2 plugins.
Preloading 0 native plugins for Editor in 0.00 ms.
Mono: successfully reloaded assembly
- Completed reload, in  3.474 seconds
Platform modules already initialized, skipping
========================================================================
Worker process is ready to serve import requests
Launched and connected shader compiler UnityShaderCompiler.exe after 0.13 seconds
Refreshing native plugins compatible for Editor in 1.55 ms, found 2 plugins.
Preloading 0 native plugins for Editor in 0.00 ms.
Unloading 2245 Unused Serialized files (Serialized files now loaded: 0)
System memory in use before: 92.4 MB.
System memory in use after: 92.5 MB.

Unloading 55 unused Assets to reduce memory usage. Loaded Objects now: 2658.
Total: 14.174357 ms (FindLiveObjects: 0.630178 ms CreateObjectMapping: 0.137867 ms MarkObjects: 13.226402 ms  DeleteObjects: 0.171111 ms)

========================================================================
Received Import Request.
  path: Assets/_Completed-Assets/Scripts/Cheats/cheatcodes.cs
  artifactKey: Guid(2745e61195c1d85488b9a6d5bb1c19ea) Importer(815301076,1909f56bfc062723c751e8b465ee728b)
Start importing Assets/_Completed-Assets/Scripts/Cheats/cheatcodes.cs using Guid(2745e61195c1d85488b9a6d5bb1c19ea) Importer(815301076,1909f56bfc062723c751e8b465ee728b)  -> (artifact id: '42e48531be90c7c3f79b1ac86d0be0c7') in 0.088838 seconds
  Import took 0.102552 seconds .

AssetImportWorkerClient::OnTransportError - code=2 error=End of file
